Arguments: 
  C:\Program Files\nodejs\node.exe C:\Program Files (x86)\Yarn\bin\yarn.js publish

PATH: 
  C:\Python37\Scripts\;C:\Python37\;C:\Program Files (x86)\Eazfuscator.NET;C:\Program Files (x86)\SemanticDesigns\DMS\Executables;C:\Program Files (x86)\SemanticDesigns\DMS\Domains\PARLANSE\Tools\RunTimeSystem;C:\Python27\;C:\Python27\Scripts;C:\Program Files (x86)\Common Files\Oracle\Java\javapath;C:\windows\system32;C:\windows;C:\windows\System32\Wbem;C:\windows\System32\WindowsPowerShell\v1.0\;C:\Program Files\Git\cmd;C:\ProgramData\chocolatey\bin;C:\Android\sdk\platform-tools;C:\Program Files\Java\jdk1.8.0_172\bin;C:\xampp\php;C:\ProgramData\ComposerSetup\bin;C:\windows\System32\OpenSSH\;C:\Program Files\Microsoft VS Code\bin;C:\Program Files\nodejs\;C:\Program Files\PuTTY\;C:\Program Files\TortoiseGit\bin;C:\Program Files\Microsoft SQL Server\130\Tools\Binn\;C:\Program Files\dotnet\;C:\Program Files (x86)\GtkSharp\2.12\bin;C:\Program Files\Amazon\AWSCLI\bin\;C:\WINDOWS\system32;C:\WINDOWS;C:\WINDOWS\System32\Wbem;C:\WINDOWS\System32\WindowsPowerShell\v1.0\;C:\WINDOWS\System32\OpenSSH\;C:\Program Files (x86)\Yarn\bin\;C:\Users\xMac\AppData\Local\Programs\Python\Python37-32\Scripts\;C:\Users\xMac\AppData\Local\Programs\Python\Python37-32\;C:\Program Files\Microsoft VS Code\bin;C:\Users\xMac\AppData\Roaming\Composer\vendor\bin;C:\Users\xMac\AppData\Local\Microsoft\WindowsApps;C:\Users\xMac\AppData\Roaming\npm;C:\xampp\php;C:\Users\xMac\AppData\Local\Programs\Microsoft VS Code\bin;C:\Program Files\heroku\bin;C:\Program Files (x86)\Mono\bin;C:\Program Files\Docker Toolbox;C:\nexus\nexus-3.16.1-02\bin;C:\Users\xMac\AppData\Local\Microsoft\WindowsApps;C:\Users\xMac\AppData\Local\Yarn\bin

Yarn version: 
  1.17.3

Node version: 
  8.11.3

Platform: 
  win32 x64

Trace: 
  Error: canceled
      at Interface.<anonymous> (C:\Program Files (x86)\Yarn\lib\cli.js:136724:13)
      at emitNone (events.js:106:13)
      at Interface.emit (events.js:208:7)
      at Interface._ttyWrite (readline.js:774:16)
      at ReadStream.onkeypress (readline.js:158:10)
      at emitTwo (events.js:126:13)
      at ReadStream.emit (events.js:214:7)
      at emitKeys (internal/readline.js:420:14)
      at emitKeys.next (<anonymous>)
      at ReadStream.onData (readline.js:1010:36)

npm manifest: 
  {
    "name": "@mrizki/pouchdb-react-native",
    "version": "6.5.4",
    "description": "PouchDB Bundle for ReactNative",
    "main": "index.js",
    "repository": {
      "type": "git",
      "url": "git+https://github.com/stockulus/pouchdb-react-native.git"
    },
    "keywords": [
      "pouchdb",
      "react-native",
      "asyncstorage",
      "offlinefirst"
    ],
    "scripts": {
      "updtr": "updtr --save-exact",
      "postinstall": "node ./setup.js"
    },
    "author": {
      "name": "Christoph Stock",
      "email": "stockulus@icloud.com",
      "url": "https://twitter.com/stockulus"
    },
    "license": "MIT",
    "bugs": {
      "url": "https://github.com/stockulus/pouchdb-react-native/issues"
    },
    "homepage": "https://github.com/stockulus/pouchdb-react-native#readme",
    "dependencies": {
      "@mrizki/pouchdb-core": "^6.4.3",
      "@mrizki/pouchdb-replication": "^6.4.3",
      "base-64": "^0.1.0",
      "events": "^3.0.0",
      "pouchdb-adapter-asyncstorage": "6.4.1",
      "pouchdb-adapter-http": "6.4.3",
      "pouchdb-mapreduce": "6.4.3"
    },
    "devDependencies": {},
    "peerDependencies": {},
    "standard": {
      "ignore": [
        "node_modules/**"
      ]
    }
  }

yarn manifest: 
  No manifest

Lockfile: 
  # THIS IS AN AUTOGENERATED FILE. DO NOT EDIT THIS FILE DIRECTLY.
  # yarn lockfile v1
  
  
  "@mrizki/pouchdb-core@^6.4.3":
    version "6.4.3"
    resolved "https://registry.yarnpkg.com/@mrizki/pouchdb-core/-/pouchdb-core-6.4.3.tgz#d6196fa74fc8a499e59fd95b2411534c665292cb"
    integrity sha512-VJZ8dPQa1+W6IXsXP/wFS1/82A8MP1Qn3NYZ+NCfOsuysm4cZGltUHFExi8KeRpTSYGGBnxgH376N4m74q9rgQ==
    dependencies:
      argsarray "0.0.1"
      inherits "2.0.3"
      pouchdb-changes-filter "6.4.3"
      pouchdb-collections "6.4.3"
      pouchdb-debug "6.4.3"
      pouchdb-errors "6.4.3"
      pouchdb-merge "6.4.3"
      pouchdb-promise "6.4.3"
      pouchdb-utils "6.4.3"
  
  "@mrizki/pouchdb-replication@^6.4.3":
    version "6.4.3"
    resolved "https://registry.yarnpkg.com/@mrizki/pouchdb-replication/-/pouchdb-replication-6.4.3.tgz#7e30f1eeb4b11315442f8ecd1efa27b3dcb7d658"
    integrity sha512-ghWMBNUZN1Ic0XdRvU4Q9niFl8Ga95L+WminFsLLTq7VThVY4+9UhZlxY6rF+ygG1EDQN+L0yqKkkO4R+HD9yw==
    dependencies:
      inherits "2.0.3"
      pouchdb-checkpointer "6.4.3"
      pouchdb-errors "6.4.3"
      pouchdb-generate-replication-id "6.4.3"
      pouchdb-promise "6.4.3"
      pouchdb-utils "6.4.3"
  
  ajv@^5.1.0:
    version "5.5.2"
    resolved "http://192.168.85.5:8081/nexus/repository/npm-group/ajv/-/ajv-5.5.2.tgz#73b5eeca3fab653e3d3f9422b341ad42205dc965"
    integrity sha1-c7Xuyj+rZT49P5Qis0GtQiBdyWU=
    dependencies:
      co "^4.6.0"
      fast-deep-equal "^1.0.0"
      fast-json-stable-stringify "^2.0.0"
      json-schema-traverse "^0.3.0"
  
  argsarray@0.0.1:
    version "0.0.1"
    resolved "http://192.168.85.5:8081/nexus/repository/npm-group/argsarray/-/argsarray-0.0.1.tgz#6e7207b4ecdb39b0af88303fa5ae22bda8df61cb"
    integrity sha1-bnIHtOzbObCviDA/pa4ivajfYcs=
  
  asn1@~0.2.3:
    version "0.2.4"
    resolved "http://192.168.85.5:8081/nexus/repository/npm-group/asn1/-/asn1-0.2.4.tgz#8d2475dfab553bb33e77b54e59e880bb8ce23136"
    integrity sha512-jxwzQpLQjSmWXgwaCZE9Nz+glAG01yF1QnWgbhGwHI5A6FRIEY6IVqtHhIepHqI7/kyEyQEagBC5mBEFlIYvdg==
    dependencies:
      safer-buffer "~2.1.0"
  
  assert-plus@1.0.0, assert-plus@^1.0.0:
    version "1.0.0"
    resolved "http://192.168.85.5:8081/nexus/repository/npm-group/assert-plus/-/assert-plus-1.0.0.tgz#f12e0f3c5d77b0b1cdd9146942e4e96c1e4dd525"
    integrity sha1-8S4PPF13sLHN2RRpQuTpbB5N1SU=
  
  asynckit@^0.4.0:
    version "0.4.0"
    resolved "http://192.168.85.5:8081/nexus/repository/npm-group/asynckit/-/asynckit-0.4.0.tgz#c79ed97f7f34cb8f2ba1bc9790bcc366474b4b79"
    integrity sha1-x57Zf380y48robyXkLzDZkdLS3k=
  
  atob@2.0.3:
    version "2.0.3"
    resolved "http://192.168.85.5:8081/nexus/repository/npm-group/atob/-/atob-2.0.3.tgz#19c7a760473774468f20b2d2d03372ad7d4cbf5d"
    integrity sha1-GcenYEc3dEaPILLS0DNyrX1Mv10=
  
  attempt-x@^1.1.0, attempt-x@^1.1.1:
    version "1.1.3"
    resolved "http://192.168.85.5:8081/nexus/repository/npm-group/attempt-x/-/attempt-x-1.1.3.tgz#9ac844c75bca2c4e9e30d8d5c01f41eeb481a8b7"
    integrity sha512-y/+ek8IjxVpTbj/phC87jK5YRhlP5Uu7FlQdCmYuut1DTjNruyrGqUWi5bcX1VKsQX1B0FX16A1hqHomKpHv3A==
  
  aws-sign2@~0.7.0:
    version "0.7.0"
    resolved "http://192.168.85.5:8081/nexus/repository/npm-group/aws-sign2/-/aws-sign2-0.7.0.tgz#b46e890934a9591f2d2f6f86d7e6a9f1b3fe76a8"
    integrity sha1-tG6JCTSpWR8tL2+G1+ap8bP+dqg=
  
  aws4@^1.6.0:
    version "1.8.0"
    resolved "http://192.168.85.5:8081/nexus/repository/npm-group/aws4/-/aws4-1.8.0.tgz#f0e003d9ca9e7f59c7a508945d7b2ef9a04a542f"
    integrity sha512-ReZxvNHIOv88FlT7rxcXIIC0fPt4KZqZbOlivyWtXLt8ESx84zd3kMC6iK5jVeS2qt+g7ftS7ye4fi06X5rtRQ==
  
  base-64@^0.1.0:
    version "0.1.0"
    resolved "http://192.168.85.5:8081/nexus/repository/npm-group/base-64/-/base-64-0.1.0.tgz#780a99c84e7d600260361511c4877613bf24f6bb"
    integrity sha1-eAqZyE59YAJgNhURxId2E78k9rs=
  
  base64-js@^1.0.2:
    version "1.3.0"
    resolved "http://192.168.85.5:8081/nexus/repository/npm-group/base64-js/-/base64-js-1.3.0.tgz#cab1e6118f051095e58b5281aea8c1cd22bfc0e3"
    integrity sha512-ccav/yGvoa80BQDljCxsmmQ3Xvx60/UpBIij5QN21W3wBi/hhIC9OoO+KLpu9IJTS9j4DRVJ3aDDF9cMSoa2lw==
  
  bcrypt-pbkdf@^1.0.0:
    version "1.0.2"
    resolved "http://192.168.85.5:8081/nexus/repository/npm-group/bcrypt-pbkdf/-/bcrypt-pbkdf-1.0.2.tgz#a4301d389b6a43f9b67ff3ca11a3f6637e360e9e"
    integrity sha1-pDAdOJtqQ/m2f/PKEaP2Y342Dp4=
    dependencies:
      tweetnacl "^0.14.3"
  
  blob-polyfill@2.0.20171115:
    version "2.0.20171115"
    resolved "http://192.168.85.5:8081/nexus/repository/npm-group/blob-polyfill/-/blob-polyfill-2.0.20171115.tgz#8e5c2659dda443365fafd6dd421517653f1d5ffd"
    integrity sha512-qHpuIpWlDLdOzSI9n1+423JL8c60Tbyyu/w4+zQIPCazvKBjf0sqQWiUS2QtyHph3S1C8m17T/jKyhv/DnnQFA==
  
  boom@4.x.x:
    version "4.3.1"
    resolved "http://192.168.85.5:8081/nexus/repository/npm-group/boom/-/boom-4.3.1.tgz#4f8a3005cb4a7e3889f749030fd25b96e01d2e31"
    integrity sha1-T4owBctKfjiJ90kDD9JbluAdLjE=
    dependencies:
      hoek "4.x.x"
  
  boom@5.x.x:
    version "5.2.0"
    resolved "http://192.168.85.5:8081/nexus/repository/npm-group/boom/-/boom-5.2.0.tgz#5dd9da6ee3a5f302077436290cb717d3f4a54e02"
    integrity sha512-Z5BTk6ZRe4tXXQlkqftmsAUANpXmuwlsF5Oov8ThoMbQRzdGTA1ngYRW160GexgOgjsFOKJz0LYhoNi+2AMBUw==
    dependencies:
      hoek "4.x.x"
  
  btoa@1.1.2:
    version "1.1.2"
    resolved "http://192.168.85.5:8081/nexus/repository/npm-group/btoa/-/btoa-1.1.2.tgz#3e40b81663f81d2dd6596a4cb714a8dc16cfabe0"
    integrity sha1-PkC4FmP4HS3WWWpMtxSo3BbPq+A=
  
  buffer-from@0.1.1:
    version "0.1.1"
    resolved "http://192.168.85.5:8081/nexus/repository/npm-group/buffer-from/-/buffer-from-0.1.1.tgz#57b18b1da0a19ec06f33837a5275a242351bd75e"
    integrity sha1-V7GLHaChnsBvM4N6UnWiQjUb114=
    dependencies:
      is-array-buffer-x "^1.0.13"
  
  buffer@5.1.0:
    version "5.1.0"
    resolved "http://192.168.85.5:8081/nexus/repository/npm-group/buffer/-/buffer-5.1.0.tgz#c913e43678c7cb7c8bd16afbcddb6c5505e8f9fe"
    integrity sha512-YkIRgwsZwJWTnyQrsBTWefizHh+8GYj3kbL1BTiAQ/9pwpino0G7B2gp5tx/FUBqUlvtxV85KNR3mwfAtv15Yw==
    dependencies:
      base64-js "^1.0.2"
      ieee754 "^1.1.4"
  
  cached-constructors-x@^1.0.0, cached-constructors-x@^1.0.2:
    version "1.0.2"
    resolved "http://192.168.85.5:8081/nexus/repository/npm-group/cached-constructors-x/-/cached-constructors-x-1.0.2.tgz#d8a7b79b43fdcf13fd861bb763f38b627b0ccf91"
    integrity sha512-7lKwmwXweW6E/31RHAJemLtZPfb2xvcABXknFF4b/dNYv4DbSGTgQHckXLQkNw6BB4HKFYW6mJgsNjADAy1ehw==
  
  caseless@~0.12.0:
    version "0.12.0"
    resolved "http://192.168.85.5:8081/nexus/repository/npm-group/caseless/-/caseless-0.12.0.tgz#1b681c21ff84033c826543090689420d187151dc"
    integrity sha1-G2gcIf+EAzyCZUMJBolCDRhxUdw=
  
  clone-buffer@1.0.0:
    version "1.0.0"
    resolved "http://192.168.85.5:8081/nexus/repository/npm-group/clone-buffer/-/clone-buffer-1.0.0.tgz#e3e25b207ac4e701af721e2cb5a16792cac3dc58"
    integrity sha1-4+JbIHrE5wGvch4staFnksrD3Fg=
  
  co@^4.6.0:
    version "4.6.0"
    resolved "http://192.168.85.5:8081/nexus/repository/npm-group/co/-/co-4.6.0.tgz#6ea6bdf3d853ae54ccb8e47bfa0bf3f9031fb184"
    integrity sha1-bqa989hTrlTMuOR7+gvz+QMfsYQ=
  
  combined-stream@^1.0.6, combined-stream@~1.0.5:
    version "1.0.8"
    resolved "http://192.168.85.5:8081/nexus/repository/npm-group/combined-stream/-/combined-stream-1.0.8.tgz#c3d45a8b34fd730631a110a8a2520682b31d5a7f"
    integrity sha512-FQN4MRfuJeHf7cBbBMJFXhKSDq+2kAArBlmRBvcvFE5BB1HZKXtSFASDhdlz9zOYwxh8lDdnvmMOe/+5cdoEdg==
    dependencies:
      delayed-stream "~1.0.0"
  
  core-util-is@1.0.2:
    version "1.0.2"
    resolved "http://192.168.85.5:8081/nexus/repository/npm-group/core-util-is/-/core-util-is-1.0.2.tgz#b5fd54220aa2bc5ab57aab7140c940754503c1a7"
    integrity sha1-tf1UIgqivFq1eqtxQMlAdUUDwac=
  
  cryptiles@3.x.x:
    version "3.1.4"
    resolved "http://192.168.85.5:8081/nexus/repository/npm-group/cryptiles/-/cryptiles-3.1.4.tgz#769a68c95612b56faadfcebf57ac86479cbe8322"
    integrity sha512-8I1sgZHfVwcSOY6mSGpVU3lw/GSIZvusg8dD2+OGehCJpOhQRLNcH0qb9upQnOH4XhgxxFJSg6E2kx95deb1Tw==
    dependencies:
      boom "5.x.x"
  
  dashdash@^1.12.0:
    version "1.14.1"
    resolved "http://192.168.85.5:8081/nexus/repository/npm-group/dashdash/-/dashdash-1.14.1.tgz#853cfa0f7cbe2fed5de20326b8dd581035f6e2f0"
    integrity sha1-hTz6D3y+L+1d4gMmuN1YEDX24vA=
    dependencies:
      assert-plus "^1.0.0"
  
  debug@3.1.0:
    version "3.1.0"
    resolved "https://registry.yarnpkg.com/debug/-/debug-3.1.0.tgz#5bb5a0672628b64149566ba16819e61518c67261"
    integrity sha512-OX8XqP7/1a9cqkxYw2yXss15f26NKWBpDXQd0/uK/KPqdQhxbPa994hnzjcE2VqQpDslf55723cKPUOGSmMY3g==
    dependencies:
      ms "2.0.0"
  
  delayed-stream@~1.0.0:
    version "1.0.0"
    resolved "http://192.168.85.5:8081/nexus/repository/npm-group/delayed-stream/-/delayed-stream-1.0.0.tgz#df3ae199acadfb7d440aaae0b29e2272b24ec619"
    integrity sha1-3zrhmayt+31ECqrgsp4icrJOxhk=
  
  ecc-jsbn@~0.1.1:
    version "0.1.2"
    resolved "http://192.168.85.5:8081/nexus/repository/npm-group/ecc-jsbn/-/ecc-jsbn-0.1.2.tgz#3a83a904e54353287874c564b7549386849a98c9"
    integrity sha1-OoOpBOVDUyh4dMVkt1SThoSamMk=
    dependencies:
      jsbn "~0.1.0"
      safer-buffer "^2.1.0"
  
  events@1.1.1:
    version "1.1.1"
    resolved "http://192.168.85.5:8081/nexus/repository/npm-group/events/-/events-1.1.1.tgz#9ebdb7635ad099c70dcc4c2a1f5004288e8bd924"
    integrity sha1-nr23Y1rQmccNzEwqH1AEKI6L2SQ=
  
  events@^3.0.0:
    version "3.0.0"
    resolved "http://192.168.85.5:8081/nexus/repository/npm-group/events/-/events-3.0.0.tgz#9a0a0dfaf62893d92b875b8f2698ca4114973e88"
    integrity sha512-Dc381HFWJzEOhQ+d8pkNon++bk9h6cdAoAj4iE6Q4y6xgTzySWXlKn05/TVNpjnfRqi/X0EpJEJohPjNI3zpVA==
  
  extend@~3.0.1:
    version "3.0.2"
    resolved "http://192.168.85.5:8081/nexus/repository/npm-group/extend/-/extend-3.0.2.tgz#f8b1136b4071fbd8eb140aff858b1019ec2915fa"
    integrity sha512-fjquC59cD7CyW6urNXK0FBufkZcoiGG80wTuPujX590cB5Ttln20E2UB4S/WARVqhXffZl2LNgS+gQdPIIim/g==
  
  extsprintf@1.3.0:
    version "1.3.0"
    resolved "http://192.168.85.5:8081/nexus/repository/npm-group/extsprintf/-/extsprintf-1.3.0.tgz#96918440e3041a7a414f8c52e3c574eb3c3e1e05"
    integrity sha1-lpGEQOMEGnpBT4xS48V06zw+HgU=
  
  extsprintf@^1.2.0:
    version "1.4.0"
    resolved "http://192.168.85.5:8081/nexus/repository/npm-group/extsprintf/-/extsprintf-1.4.0.tgz#e2689f8f356fad62cca65a3a91c5df5f9551692f"
    integrity sha1-4mifjzVvrWLMplo6kcXfX5VRaS8=
  
  fast-deep-equal@^1.0.0:
    version "1.1.0"
    resolved "http://192.168.85.5:8081/nexus/repository/npm-group/fast-deep-equal/-/fast-deep-equal-1.1.0.tgz#c053477817c86b51daa853c81e059b733d023614"
    integrity sha1-wFNHeBfIa1HaqFPIHgWbcz0CNhQ=
  
  fast-json-stable-stringify@^2.0.0:
    version "2.0.0"
    resolved "http://192.168.85.5:8081/nexus/repository/npm-group/fast-json-stable-stringify/-/fast-json-stable-stringify-2.0.0.tgz#d5142c0caee6b1189f87d3a76111064f86c8bbf2"
    integrity sha1-1RQsDK7msRifh9OnYREGT4bIu/I=
  
  forever-agent@~0.6.1:
    version "0.6.1"
    resolved "http://192.168.85.5:8081/nexus/repository/npm-group/forever-agent/-/forever-agent-0.6.1.tgz#fbc71f0c41adeb37f96c577ad1ed42d8fdacca91"
    integrity sha1-+8cfDEGt6zf5bFd60e1C2P2sypE=
  
  form-data@~2.3.1:
    version "2.3.3"
    resolved "http://192.168.85.5:8081/nexus/repository/npm-group/form-data/-/form-data-2.3.3.tgz#dcce52c05f644f298c6a7ab936bd724ceffbf3a6"
    integrity sha512-1lLKB2Mu3aGP1Q/2eCOx0fNbRMe7XdwktwOruhfqqd0rIJWwN4Dh+E3hrPSlDCXnSR7UtZ1N38rVXm+6+MEhJQ==
    dependencies:
      asynckit "^0.4.0"
      combined-stream "^1.0.6"
      mime-types "^2.1.12"
  
  getpass@^0.1.1:
    version "0.1.7"
    resolved "http://192.168.85.5:8081/nexus/repository/npm-group/getpass/-/getpass-0.1.7.tgz#5eff8e3e684d569ae4cb2b1282604e8ba62149fa"
    integrity sha1-Xv+OPmhNVprkyysSgmBOi6YhSfo=
    dependencies:
      assert-plus "^1.0.0"
  
  har-schema@^2.0.0:
    version "2.0.0"
    resolved "http://192.168.85.5:8081/nexus/repository/npm-group/har-schema/-/har-schema-2.0.0.tgz#a94c2224ebcac04782a0d9035521f24735b7ec92"
    integrity sha1-qUwiJOvKwEeCoNkDVSHyRzW37JI=
  
  har-validator@~5.0.3:
    version "5.0.3"
    resolved "http://192.168.85.5:8081/nexus/repository/npm-group/har-validator/-/har-validator-5.0.3.tgz#ba402c266194f15956ef15e0fcf242993f6a7dfd"
    integrity sha1-ukAsJmGU8VlW7xXg/PJCmT9qff0=
    dependencies:
      ajv "^5.1.0"
      har-schema "^2.0.0"
  
  has-own-property-x@^3.1.1:
    version "3.2.0"
    resolved "http://192.168.85.5:8081/nexus/repository/npm-group/has-own-property-x/-/has-own-property-x-3.2.0.tgz#1c4b112a577c8cb5805469556e54b6e959e4ded9"
    integrity sha512-HtRQTYpRFz/YVaQ7jh2mU5iorMAxFcML9FNOLMI1f8VNJ2K0hpOlXoi1a+nmVl6oUcGnhd6zYOFAVe7NUFStyQ==
    dependencies:
      cached-constructors-x "^1.0.0"
      to-object-x "^1.5.0"
      to-property-key-x "^2.0.2"
  
  has-symbol-support-x@^1.4.1, has-symbol-support-x@^1.4.2:
    version "1.4.2"
    resolved "http://192.168.85.5:8081/nexus/repository/npm-group/has-symbol-support-x/-/has-symbol-support-x-1.4.2.tgz#1409f98bc00247da45da67cee0a36f282ff26455"
    integrity sha512-3ToOva++HaW+eCpgqZrCfN51IPB+7bJNVT6CUATzueB5Heb8o6Nam0V3HG5dlDvZU1Gn5QLcbahiKw/XVk5JJw==
  
  has-symbols@^1.0.0:
    version "1.0.0"
    resolved "http://192.168.85.5:8081/nexus/repository/npm-group/has-symbols/-/has-symbols-1.0.0.tgz#ba1a8f1af2a0fc39650f5c850367704122063b44"
    integrity sha1-uhqPGvKg/DllD1yFA2dwQSIGO0Q=
  
  has-to-string-tag-x@^1.4.1:
    version "1.4.1"
    resolved "http://192.168.85.5:8081/nexus/repository/npm-group/has-to-string-tag-x/-/has-to-string-tag-x-1.4.1.tgz#a045ab383d7b4b2012a00148ab0aa5f290044d4d"
    integrity sha512-vdbKfmw+3LoOYVr+mtxHaX5a96+0f3DljYd8JOqvOLsf5mw2Otda2qCDT9qRqLAhrjyQ0h7ual5nOiASpsGNFw==
    dependencies:
      has-symbol-support-x "^1.4.1"
  
  hawk@~6.0.2:
    version "6.0.2"
    resolved "http://192.168.85.5:8081/nexus/repository/npm-group/hawk/-/hawk-6.0.2.tgz#af4d914eb065f9b5ce4d9d11c1cb2126eecc3038"
    integrity sha512-miowhl2+U7Qle4vdLqDdPt9m09K6yZhkLDTWGoUiUzrQCn+mHHSmfJgAyGaLRZbPmTqfFFjRV1QWCW0VWUJBbQ==
    dependencies:
      boom "4.x.x"
      cryptiles "3.x.x"
      hoek "4.x.x"
      sntp "2.x.x"
  
  hoek@4.x.x:
    version "4.2.1"
    resolved "http://192.168.85.5:8081/nexus/repository/npm-group/hoek/-/hoek-4.2.1.tgz#9634502aa12c445dd5a7c5734b572bb8738aacbb"
    integrity sha512-QLg82fGkfnJ/4iy1xZ81/9SIJiq1NGFUMGs6ParyjBZr6jW2Ufj/snDqTHixNlHdPNwN2RLVD0Pi3igeK9+JfA==
  
  http-signature@~1.2.0:
    version "1.2.0"
    resolved "http://192.168.85.5:8081/nexus/repository/npm-group/http-signature/-/http-signature-1.2.0.tgz#9aecd925114772f3d95b65a60abb8f7c18fbace1"
    integrity sha1-muzZJRFHcvPZW2WmCruPfBj7rOE=
    dependencies:
      assert-plus "^1.0.0"
      jsprim "^1.2.2"
      sshpk "^1.7.0"
  
  ieee754@^1.1.4:
    version "1.1.13"
    resolved "http://192.168.85.5:8081/nexus/repository/npm-group/ieee754/-/ieee754-1.1.13.tgz#ec168558e95aa181fd87d37f55c32bbcb6708b84"
    integrity sha512-4vf7I2LYV/HaWerSo3XmlMkp5eZ83i+/CDluXi/IGTs/O1sejBNhTtnxzmRZfvOUqj7lZjqHkeTvpgSFDlWZTg==
  
  immediate@3.0.6, immediate@~3.0.5:
    version "3.0.6"
    resolved "http://192.168.85.5:8081/nexus/repository/npm-group/immediate/-/immediate-3.0.6.tgz#9db1dbd0faf8de6fbe0f5dd5e56bb606280de69b"
    integrity sha1-nbHb0Pr43m++D13V5Wu2BigN5ps=
  
  infinity-x@^1.0.1:
    version "1.0.2"
    resolved "http://192.168.85.5:8081/nexus/repository/npm-group/infinity-x/-/infinity-x-1.0.2.tgz#374a4d5c8a9b98d2f61b782fc63892598de2f14c"
    integrity sha512-2Ioz+exrAwlHxFBaDHQIbvUyjKFt0YjIal34/agfzx738aT1zBQwSU5A8Zgb1IQ2r24BtXrkeZZusxE40MyZaQ==
  
  inherits@2.0.3:
    version "2.0.3"
    resolved "http://192.168.85.5:8081/nexus/repository/npm-group/inherits/-/inherits-2.0.3.tgz#633c2c83e3da42a502f52466022480f4208261de"
    integrity sha1-Yzwsg+PaQqUC9SRmAiSA9CCCYd4=
  
  is-array-buffer-x@^1.0.13:
    version "1.7.0"
    resolved "http://192.168.85.5:8081/nexus/repository/npm-group/is-array-buffer-x/-/is-array-buffer-x-1.7.0.tgz#4b0b10427b64aa3437767adf4fc07702c59b2371"
    integrity sha512-ufSZRMY2WZX5xyNvk0NOZAG7cgi35B/sGQDGqv8w0X7MoQ2GC9vedanJhuYTPaC4PUCqLQsda1w7NF+dPZmAJw==
    dependencies:
      attempt-x "^1.1.0"
      has-to-string-tag-x "^1.4.1"
      is-object-like-x "^1.5.1"
      object-get-own-property-descriptor-x "^3.2.0"
      to-string-tag-x "^1.4.1"
  
  is-date-object@^1.0.1:
    version "1.0.1"
    resolved "http://192.168.85.5:8081/nexus/repository/npm-group/is-date-object/-/is-date-object-1.0.1.tgz#9aa20eb6aeebbff77fbd33e74ca01b33581d3a16"
    integrity sha1-mqIOtq7rv/d/vTPnTKAbM1gdOhY=
  
  is-falsey-x@^1.0.0, is-falsey-x@^1.0.1:
    version "1.0.3"
    resolved "http://192.168.85.5:8081/nexus/repository/npm-group/is-falsey-x/-/is-falsey-x-1.0.3.tgz#d8bb6d77c15fb2b99d81d10a7351641495fb36e2"
    integrity sha512-RWjusR6LXAhGa0Vus7aD1rwJuJwdJsvG3daAVMDvOAgvGuGm4eilNgoSuXhpv2/2qpLDvioAKTNb3t3XYidCNg==
    dependencies:
      to-boolean-x "^1.0.2"
  
  is-finite-x@^3.0.2:
    version "3.0.4"
    resolved "http://192.168.85.5:8081/nexus/repository/npm-group/is-finite-x/-/is-finite-x-3.0.4.tgz#320c97bab8aacc7e3cfa34aa58c432762c491b4e"
    integrity sha512-wdSI5zk/Pl21HzGcLWFoFzuDa8gsgcqhwZGAZryL2eU7RKf7+g+q4jL2gGItrBs/YtspkjOrJ4JxXNZqquoAWA==
    dependencies:
      infinity-x "^1.0.1"
      is-nan-x "^1.0.2"
  
  is-function-x@^3.2.0, is-function-x@^3.3.0:
    version "3.3.0"
    resolved "http://192.168.85.5:8081/nexus/repository/npm-group/is-function-x/-/is-function-x-3.3.0.tgz#7d16bc113853db206d5e40a8b32caf99bd4ff7c0"
    integrity sha512-SreSSU1dlgYaXR5c0mm4qJHKYHIiGiEY+7Cd8/aRLLoMP/VvofD2XcWgBnP833ajpU5XzXbUSpfysnfKZLJFlg==
    dependencies:
      attempt-x "^1.1.1"
      has-to-string-tag-x "^1.4.1"
      is-falsey-x "^1.0.1"
      is-primitive "^2.0.0"
      normalize-space-x "^3.0.0"
      replace-comments-x "^2.0.0"
      to-boolean-x "^1.0.1"
      to-string-tag-x "^1.4.2"
  
  is-index-x@^1.0.0:
    version "1.1.0"
    resolved "http://192.168.85.5:8081/nexus/repository/npm-group/is-index-x/-/is-index-x-1.1.0.tgz#43dac97b3a04f30191530833f45ac35001682ee2"
    integrity sha512-qULKLMepQLGC8rSVdi8uF2vI4LiDrU9XSDg1D+Aa657GIB7GV1jHpga7uXgQvkt/cpQ5mVBHUFTpSehYSqT6+A==
    dependencies:
      math-clamp-x "^1.2.0"
      max-safe-integer "^1.0.1"
      to-integer-x "^3.0.0"
      to-number-x "^2.0.0"
      to-string-symbols-supported-x "^1.0.0"
  
  is-nan-x@^1.0.1, is-nan-x@^1.0.2:
    version "1.0.3"
    resolved "http://192.168.85.5:8081/nexus/repository/npm-group/is-nan-x/-/is-nan-x-1.0.3.tgz#1c7fca40fc1b830a36e8800b37513a81f91fcc58"
    integrity sha512-WenNBLVGSZID8shogsB++42vF7gvotCfneXM9KMCAKwNPXa8VfAu/RWwpqvnK7dLOP4Z7uitocb0TZ6rAiOccA==
  
  is-nil-x@^1.4.1, is-nil-x@^1.4.2:
    version "1.4.2"
    resolved "http://192.168.85.5:8081/nexus/repository/npm-group/is-nil-x/-/is-nil-x-1.4.2.tgz#a45e798d1e490d38db4570f2457245da21493e97"
    integrity sha512-9aDY7ir7IGb5HlgqL+b38v2YMxf8S7MEHHxjHGzUhijg2crq47RKdxL37bS6dU0VN87wy2IBZP4akgQtIXmyvg==
    dependencies:
      lodash.isnull "^3.0.0"
      validate.io-undefined "^1.0.3"
  
  is-object-like-x@^1.5.1:
    version "1.7.1"
    resolved "http://192.168.85.5:8081/nexus/repository/npm-group/is-object-like-x/-/is-object-like-x-1.7.1.tgz#f440ce811fb31278e4ed0b34f2d5a277d87b4481"
    integrity sha512-89nz+kESAW2Y7udq+PdRX/dZnRN2WP1b19Gdv4OYE1Xjoekn1xf31l0ZPzT40qdPD7I2nveNFm9rxxI0vmnGHA==
    dependencies:
      is-function-x "^3.3.0"
      is-primitive "^3.0.0"
  
  is-primitive@^2.0.0:
    version "2.0.0"
    resolved "http://192.168.85.5:8081/nexus/repository/npm-group/is-primitive/-/is-primitive-2.0.0.tgz#207bab91638499c07b2adf240a41a87210034575"
    integrity sha1-IHurkWOEmcB7Kt8kCkGochADRXU=
  
  is-primitive@^3.0.0:
    version "3.0.1"
    resolved "http://192.168.85.5:8081/nexus/repository/npm-group/is-primitive/-/is-primitive-3.0.1.tgz#98c4db1abff185485a657fc2905052b940524d05"
    integrity sha512-GljRxhWvlCNRfZyORiH77FwdFwGcMO620o37EOYC0ORWdq+WYNVqW0w2Juzew4M+L81l6/QS3t5gkkihyRqv9w==
  
  is-string@^1.0.4:
    version "1.0.4"
    resolved "http://192.168.85.5:8081/nexus/repository/npm-group/is-string/-/is-string-1.0.4.tgz#cc3a9b69857d621e963725a24caeec873b826e64"
    integrity sha1-zDqbaYV9Yh6WNyWiTK7shzuCbmQ=
  
  is-symbol@^1.0.1:
    version "1.0.2"
    resolved "http://192.168.85.5:8081/nexus/repository/npm-group/is-symbol/-/is-symbol-1.0.2.tgz#a055f6ae57192caee329e7a860118b497a950f38"
    integrity sha512-HS8bZ9ox60yCJLH9snBpIwv9pYUAkcuLhSA1oero1UB5y9aiQpRA8y2ex945AOtCZL1lJDeIk3G5LthswI46Lw==
    dependencies:
      has-symbols "^1.0.0"
  
  is-typedarray@~1.0.0:
    version "1.0.0"
    resolved "http://192.168.85.5:8081/nexus/repository/npm-group/is-typedarray/-/is-typedarray-1.0.0.tgz#e479c80858df0c1b11ddda6940f96011fcda4a9a"
    integrity sha1-5HnICFjfDBsR3dppQPlgEfzaSpo=
  
  isstream@~0.1.2:
    version "0.1.2"
    resolved "http://192.168.85.5:8081/nexus/repository/npm-group/isstream/-/isstream-0.1.2.tgz#47e63f7af55afa6f92e1500e690eb8b8529c099a"
    integrity sha1-R+Y/evVa+m+S4VAOaQ64uFKcCZo=
  
  jsbn@~0.1.0:
    version "0.1.1"
    resolved "http://192.168.85.5:8081/nexus/repository/npm-group/jsbn/-/jsbn-0.1.1.tgz#a5e654c2e5a2deb5f201d96cefbca80c0ef2f513"
    integrity sha1-peZUwuWi3rXyAdls77yoDA7y9RM=
  
  json-schema-traverse@^0.3.0:
    version "0.3.1"
    resolved "http://192.168.85.5:8081/nexus/repository/npm-group/json-schema-traverse/-/json-schema-traverse-0.3.1.tgz#349a6d44c53a51de89b40805c5d5e59b417d3340"
    integrity sha1-NJptRMU6Ud6JtAgFxdXlm0F9M0A=
  
  json-schema@0.2.3:
    version "0.2.3"
    resolved "http://192.168.85.5:8081/nexus/repository/npm-group/json-schema/-/json-schema-0.2.3.tgz#b480c892e59a2f05954ce727bd3f2a4e882f9e13"
    integrity sha1-tIDIkuWaLwWVTOcnvT8qTogvnhM=
  
  json-stringify-safe@~5.0.1:
    version "5.0.1"
    resolved "http://192.168.85.5:8081/nexus/repository/npm-group/json-stringify-safe/-/json-stringify-safe-5.0.1.tgz#1296a2d58fd45f19a0f6ce01d65701e2c735b6eb"
    integrity sha1-Epai1Y/UXxmg9s4B1lcB4sc1tus=
  
  jsprim@^1.2.2:
    version "1.4.1"
    resolved "http://192.168.85.5:8081/nexus/repository/npm-group/jsprim/-/jsprim-1.4.1.tgz#313e66bc1e5cc06e438bc1b7499c2e5c56acb6a2"
    integrity sha1-MT5mvB5cwG5Di8G3SZwuXFastqI=
    dependencies:
      assert-plus "1.0.0"
      extsprintf "1.3.0"
      json-schema "0.2.3"
      verror "1.10.0"
  
  left-pad@1.2.0:
    version "1.2.0"
    resolved "http://192.168.85.5:8081/nexus/repository/npm-group/left-pad/-/left-pad-1.2.0.tgz#d30a73c6b8201d8f7d8e7956ba9616087a68e0ee"
    integrity sha1-0wpzxrggHY99jnlWupYWCHpo4O4=
  
  lie@3.1.1:
    version "3.1.1"
    resolved "http://192.168.85.5:8081/nexus/repository/npm-group/lie/-/lie-3.1.1.tgz#9a436b2cc7746ca59de7a41fa469b3efb76bd87e"
    integrity sha1-mkNrLMd0bKWd56QfpGmz77dr2H4=
    dependencies:
      immediate "~3.0.5"
  
  lodash.isnull@^3.0.0:
    version "3.0.0"
    resolved "http://192.168.85.5:8081/nexus/repository/npm-group/lodash.isnull/-/lodash.isnull-3.0.0.tgz#fafbe59ea1dca27eed786534039dd84c2e07c56e"
    integrity sha1-+vvlnqHcon7teGU0A53YTC4HxW4=
  
  math-clamp-x@^1.2.0:
    version "1.2.0"
    resolved "http://192.168.85.5:8081/nexus/repository/npm-group/math-clamp-x/-/math-clamp-x-1.2.0.tgz#8b537be0645bbba7ee73ee16091e7d6018c5edcf"
    integrity sha512-tqpjpBcIf9UulApz3EjWXqTZpMlr2vLN9PryC9ghoyCuRmqZaf3JJhPddzgQpJnKLi2QhoFnvKBFtJekAIBSYg==
    dependencies:
      to-number-x "^2.0.0"
  
  math-sign-x@^3.0.0:
    version "3.0.0"
    resolved "http://192.168.85.5:8081/nexus/repository/npm-group/math-sign-x/-/math-sign-x-3.0.0.tgz#d5286022b48e150c384729a86042e0835264c3ed"
    integrity sha512-OzPas41Pn4d16KHnaXmGxxY3/l3zK4OIXtmIwdhgZsxz4FDDcNnbrABYPg2vGfxIkaT9ezGnzDviRH7RfF44jQ==
    dependencies:
      is-nan-x "^1.0.1"
      to-number-x "^2.0.0"
  
  max-safe-integer@^1.0.1:
    version "1.0.1"
    resolved "http://192.168.85.5:8081/nexus/repository/npm-group/max-safe-integer/-/max-safe-integer-1.0.1.tgz#f38060be2c563d8c02e6d48af39122fd83b6f410"
    integrity sha1-84BgvixWPYwC5tSK85Ei/YO29BA=
  
  mime-db@1.40.0:
    version "1.40.0"
    resolved "http://192.168.85.5:8081/nexus/repository/npm-group/mime-db/-/mime-db-1.40.0.tgz#a65057e998db090f732a68f6c276d387d4126c32"
    integrity sha512-jYdeOMPy9vnxEqFRRo6ZvTZ8d9oPb+k18PKoYNYUe2stVEBPPwsln/qWzdbmaIvnhZ9v2P+CuecK+fpUfsV2mA==
  
  mime-types@^2.1.12, mime-types@~2.1.17:
    version "2.1.24"
    resolved "http://192.168.85.5:8081/nexus/repository/npm-group/mime-types/-/mime-types-2.1.24.tgz#b6f8d0b3e951efb77dedeca194cff6d16f676f81"
    integrity sha512-WaFHS3MCl5fapm3oLxU4eYDw77IQM2ACcxQ9RIxfaC3ooc6PFuBMGZZsYpvoXS5D5QTWPieo1jjLdAm3TBP3cQ==
    dependencies:
      mime-db "1.40.0"
  
  ms@2.0.0:
    version "2.0.0"
    resolved "https://registry.yarnpkg.com/ms/-/ms-2.0.0.tgz#5608aeadfc00be6c2901df5f9861788de0d597c8"
    integrity sha1-VgiurfwAvmwpAd9fmGF4jeDVl8g=
  
  nan-x@^1.0.0:
    version "1.0.2"
    resolved "http://192.168.85.5:8081/nexus/repository/npm-group/nan-x/-/nan-x-1.0.2.tgz#5f34e9d3115242486219eee3c8bc49fd2425b19a"
    integrity sha512-dndRmy03JQEN+Nh6WjQl7/OstIozeEmrtWe4TE7mEqJ8W8oMD8m2tHjsLPWt//e3hLAeRSbs4pxMyc5pk/nCkQ==
  
  normalize-space-x@^3.0.0:
    version "3.0.0"
    resolved "http://192.168.85.5:8081/nexus/repository/npm-group/normalize-space-x/-/normalize-space-x-3.0.0.tgz#17907d6c7c724a4f9567471cbb319553bc0f8882"
    integrity sha512-tbCJerqZCCHPst4rRKgsTanLf45fjOyeAU5zE3mhDxJtFJKt66q39g2XArWhXelgTFVib8mNBUm6Wrd0LxYcfQ==
    dependencies:
      cached-constructors-x "^1.0.0"
      trim-x "^3.0.0"
      white-space-x "^3.0.0"
  
  oauth-sign@~0.8.2:
    version "0.8.2"
    resolved "http://192.168.85.5:8081/nexus/repository/npm-group/oauth-sign/-/oauth-sign-0.8.2.tgz#46a6ab7f0aead8deae9ec0565780b7d4efeb9d43"
    integrity sha1-Rqarfwrq2N6unsBWV4C31O/rnUM=
  
  object-get-own-property-descriptor-x@^3.2.0:
    version "3.2.0"
    resolved "http://192.168.85.5:8081/nexus/repository/npm-group/object-get-own-property-descriptor-x/-/object-get-own-property-descriptor-x-3.2.0.tgz#464585ad03e66108ed166c99325b8d2c5ba93712"
    integrity sha512-Z/0fIrptD9YuzN+SNK/1kxAEaBcPQM4gSrtOSMSi9eplnL/AbyQcAyAlreAoAzmBon+DQ1Z+AdhxyQSvav5Fyg==
    dependencies:
      attempt-x "^1.1.0"
      has-own-property-x "^3.1.1"
      has-symbol-support-x "^1.4.1"
      is-falsey-x "^1.0.0"
      is-index-x "^1.0.0"
      is-primitive "^2.0.0"
      is-string "^1.0.4"
      property-is-enumerable-x "^1.1.0"
      to-object-x "^1.4.1"
      to-property-key-x "^2.0.1"
  
  parse-int-x@^2.0.0:
    version "2.0.0"
    resolved "http://192.168.85.5:8081/nexus/repository/npm-group/parse-int-x/-/parse-int-x-2.0.0.tgz#9f979d4115930df2f4706a41810b9c712405552f"
    integrity sha512-NIMm52gmd1+0qxJK8lV3OZ4zzWpRH1xcz9xCHXl+DNzddwUdS4NEtd7BmTeK7iCIXoaK5e6BoDMHgieH2eNIhg==
    dependencies:
      cached-constructors-x "^1.0.0"
      nan-x "^1.0.0"
      to-string-x "^1.4.2"
      trim-left-x "^3.0.0"
  
  performance-now@^2.1.0:
    version "2.1.0"
    resolved "http://192.168.85.5:8081/nexus/repository/npm-group/performance-now/-/performance-now-2.1.0.tgz#6309f4e0e5fa913ec1c69307ae364b4b377c9e7b"
    integrity sha1-Ywn04OX6kT7BxpMHrjZLSzd8nns=
  
  pouchdb-abstract-mapreduce@6.4.3:
    version "6.4.3"
    resolved "http://192.168.85.5:8081/nexus/repository/npm-group/pouchdb-abstract-mapreduce/-/pouchdb-abstract-mapreduce-6.4.3.tgz#0310053812d16ff9545a3db43f5e38a67a0133d7"
    integrity sha512-omSNRtSf5S/O6SdIy3RV5ODdftL7x0txoBKo2BBr72Ji1r3460ftRfKzurRnHwTYTPzxAZYqm2IkRExSqQRfNQ==
    dependencies:
      pouchdb-binary-utils "6.4.3"
      pouchdb-collate "6.4.3"
      pouchdb-collections "6.4.3"
      pouchdb-mapreduce-utils "6.4.3"
      pouchdb-md5 "6.4.3"
      pouchdb-promise "6.4.3"
      pouchdb-utils "6.4.3"
  
  pouchdb-adapter-asyncstorage@6.4.1:
    version "6.4.1"
    resolved "http://192.168.85.5:8081/nexus/repository/npm-group/pouchdb-adapter-asyncstorage/-/pouchdb-adapter-asyncstorage-6.4.1.tgz#f2ff239f498354f6100ffd9a19097a11b3a4efd1"
    integrity sha512-TNFKR/g1fHLaDgEdOo5GiUWSZ0BnlZZPtfaZSFgXEYJ7BbbBw6O0102Jxvvh75imnz8aroTcGSUGw9/OGQ8ZHQ==
    dependencies:
      atob "2.0.3"
      blob-polyfill "2.0.20171115"
      btoa "1.1.2"
      buffer "5.1.0"
      events "1.1.1"
      left-pad "1.2.0"
      pouchdb-adapter-utils "6.4.3"
      pouchdb-binary-utils "6.4.3"
      pouchdb-errors "6.4.3"
      pouchdb-json "6.4.3"
      pouchdb-merge "6.4.3"
      pouchdb-utils "6.4.3"
      spark-md5 "3.0.0"
  
  pouchdb-adapter-http@6.4.3:
    version "6.4.3"
    resolved "http://192.168.85.5:8081/nexus/repository/npm-group/pouchdb-adapter-http/-/pouchdb-adapter-http-6.4.3.tgz#0bc713e4d5f5b7bbaa4dc509d417d38b7733a71f"
    integrity sha512-4z3nePxJVH/O1tx0v8h2XXtkT0YdN34+QjXIz7ujBK8ioobb7Dmi7YqFKr6Yv8g9tKslzl4nxrOQk3HBV/dbhA==
    dependencies:
      argsarray "0.0.1"
      pouchdb-ajax "6.4.3"
      pouchdb-binary-utils "6.4.3"
      pouchdb-errors "6.4.3"
      pouchdb-promise "6.4.3"
      pouchdb-utils "6.4.3"
  
  pouchdb-adapter-utils@6.4.3:
    version "6.4.3"
    resolved "http://192.168.85.5:8081/nexus/repository/npm-group/pouchdb-adapter-utils/-/pouchdb-adapter-utils-6.4.3.tgz#384bb1bcd37dc7d473016eb450cec53d665bcae4"
    integrity sha512-P0BgU82tpGxr94CmSj6HA+/20AlQroaxjeHpBkbuntfCybl9TD2F0DJiKRPaU5RvTz6V+emHZQgmlrfHCs+Jhg==
    dependencies:
      pouchdb-binary-utils "6.4.3"
      pouchdb-collections "6.4.3"
      pouchdb-errors "6.4.3"
      pouchdb-md5 "6.4.3"
      pouchdb-merge "6.4.3"
      pouchdb-promise "6.4.3"
      pouchdb-utils "6.4.3"
  
  pouchdb-ajax@6.4.3:
    version "6.4.3"
    resolved "http://192.168.85.5:8081/nexus/repository/npm-group/pouchdb-ajax/-/pouchdb-ajax-6.4.3.tgz#642aea957925cb9fcd6493d2f39820c34bca3e88"
    integrity sha512-3ySZrbEYjbosXShWFLk3xW8prrrUOG8z5aXKy+6lK/nokqdpqGj9NQX/gffy15VcDswbJyQtKpVQRevQlLuAGA==
    dependencies:
      buffer-from "0.1.1"
      pouchdb-binary-utils "6.4.3"
      pouchdb-errors "6.4.3"
      pouchdb-promise "6.4.3"
      pouchdb-utils "6.4.3"
      request "2.83.0"
  
  pouchdb-binary-utils@6.4.3:
    version "6.4.3"
    resolved "http://192.168.85.5:8081/nexus/repository/npm-group/pouchdb-binary-utils/-/pouchdb-binary-utils-6.4.3.tgz#ba6d9b9d289a359d47b53c1ec017fd9715a777a9"
    integrity sha512-eRKH/1eiZwrqNdAR3CL1XIIkq04I9hHIABHwIRboz1LjBSchKmaf4ZDngiWGDvRYT9Gl/MogGDGOk1WRMoV4wg==
    dependencies:
      buffer-from "0.1.1"
  
  pouchdb-changes-filter@6.4.3:
    version "6.4.3"
    resolved "https://registry.yarnpkg.com/pouchdb-changes-filter/-/pouchdb-changes-filter-6.4.3.tgz#01fcf9dbc9d742fe5060624bb39bc459a3d11a1a"
    integrity sha512-u90MocOmysuwXmKsz8dgDKGrbzYY/M2POghqGqy6PMUI3vzq4YEwGB/gWym06alI1pQzMKjpZ20KTzwRDC/6zQ==
    dependencies:
      pouchdb-errors "6.4.3"
      pouchdb-selector-core "6.4.3"
      pouchdb-utils "6.4.3"
  
  pouchdb-checkpointer@6.4.3:
    version "6.4.3"
    resolved "https://registry.yarnpkg.com/pouchdb-checkpointer/-/pouchdb-checkpointer-6.4.3.tgz#af0e429ca3fe8b86000412f4fc6e9ea98d956992"
    integrity sha512-4FmuhYeJPA73pjxLhAsMbPyXNMRRXf0QYTNEbBiTXo8Oks6NOQUBAm/vD6xnI1eY/SC6Am6QHqXjhkhNQceUhA==
    dependencies:
      pouchdb-collate "6.4.3"
      pouchdb-promise "6.4.3"
      pouchdb-utils "6.4.3"
  
  pouchdb-collate@6.4.3:
    version "6.4.3"
    resolved "http://192.168.85.5:8081/nexus/repository/npm-group/pouchdb-collate/-/pouchdb-collate-6.4.3.tgz#55a77a1a3e1c2cf86fe4d02aea171e10c2a3f944"
    integrity sha512-iwKAdc8vjLx8AzxBFnfV24Hp4FkbADTUcuQl/2IUOaF8JzZ/wVYa0DgBd+uErk2rj5yf1HxFp+5/9EgHV4PxAw==
  
  pouchdb-collections@6.4.3:
    version "6.4.3"
    resolved "http://192.168.85.5:8081/nexus/repository/npm-group/pouchdb-collections/-/pouchdb-collections-6.4.3.tgz#2b70ca3143134c361dba6e466518b4f4d8e92ff4"
    integrity sha512-uWb9+hvjiijeyrCeEz/FUND1oj0AQK/f166egBOTofNlAwQLNrJUTn+uJ34b3NODAmKhg7+ZeDVvnl9D2pijuQ==
  
  pouchdb-debug@6.4.3:
    version "6.4.3"
    resolved "https://registry.yarnpkg.com/pouchdb-debug/-/pouchdb-debug-6.4.3.tgz#d5ee0d0f638c455ef947fe6658030db1480c72c0"
    integrity sha512-uU3JrSBJSREAN9mtXaaQTWgTukPx5ik6TyFx/0BrxonsJ8WWxqRWiuQKtCVOfTKP1XRUY0Ed9uKlS2iw1MmZtA==
    dependencies:
      debug "3.1.0"
  
  pouchdb-errors@6.4.3:
    version "6.4.3"
    resolved "http://192.168.85.5:8081/nexus/repository/npm-group/pouchdb-errors/-/pouchdb-errors-6.4.3.tgz#9fa4a13f64ee50c8d593e3235b18b1458977f8d1"
    integrity sha512-EU83ZZJjorwGL9DQZ9HAILY8D+ulX2RYVMtsCfIuzaIJEUrHh/dhSIy5854n42NBOUWug3gFDyO58w5k+64HTQ==
    dependencies:
      inherits "2.0.3"
  
  pouchdb-generate-replication-id@6.4.3:
    version "6.4.3"
    resolved "https://registry.yarnpkg.com/pouchdb-generate-replication-id/-/pouchdb-generate-replication-id-6.4.3.tgz#a11806f511991389c641e81ed46e7460f75bc570"
    integrity sha512-RBgT/67gPd4B7KJP4vcNpYplNpOFVx8A/Nof9MEIrGQ/wqd73bqL/YJDLCsZd1IlR8+3FyrhYxN3xsTt1cUuiA==
    dependencies:
      pouchdb-collate "6.4.3"
      pouchdb-md5 "6.4.3"
      pouchdb-promise "6.4.3"
  
  pouchdb-json@6.4.3:
    version "6.4.3"
    resolved "http://192.168.85.5:8081/nexus/repository/npm-group/pouchdb-json/-/pouchdb-json-6.4.3.tgz#a1702c8eb9d656f6566920aaec9fb3e7e1265132"
    integrity sha512-ou9tDxySHKQv7uU8BjggVjtzNdeim/IcGYhF4yyN2wj4HqJqlanG9l0Rab6tBkCR6px5Gt5e9yCoas5bBZqiGw==
    dependencies:
      vuvuzela "1.0.3"
  
  pouchdb-mapreduce-utils@6.4.3:
    version "6.4.3"
    resolved "http://192.168.85.5:8081/nexus/repository/npm-group/pouchdb-mapreduce-utils/-/pouchdb-mapreduce-utils-6.4.3.tgz#1245e1ca4d3f216d336030c669dd97d6597442e4"
    integrity sha512-gbxX6h+nOKPDv2eYZznUthHiZ1Ml1xViE8DalEy6+fPzCba6CZ6dTKGZoFrBg4oLF3Wc+cUNX9Uk8cezVMGOhA==
    dependencies:
      argsarray "0.0.1"
      inherits "2.0.3"
      pouchdb-collections "6.4.3"
      pouchdb-utils "6.4.3"
  
  pouchdb-mapreduce@6.4.3:
    version "6.4.3"
    resolved "http://192.168.85.5:8081/nexus/repository/npm-group/pouchdb-mapreduce/-/pouchdb-mapreduce-6.4.3.tgz#941bcda91356196cc32fbb7eb769650e857cc280"
    integrity sha512-hffB4/ecq5HwLPztRZrTDf/BgzwjvRDJQjTcVJ4h/Jd8g7jGkkPUUcXP4ky7lOf2DBG9hEDFo1/dE1IlMJmqSg==
    dependencies:
      pouchdb-abstract-mapreduce "6.4.3"
      pouchdb-mapreduce-utils "6.4.3"
      pouchdb-utils "6.4.3"
  
  pouchdb-md5@6.4.3:
    version "6.4.3"
    resolved "http://192.168.85.5:8081/nexus/repository/npm-group/pouchdb-md5/-/pouchdb-md5-6.4.3.tgz#d414315366e4bb428fb6048a25655b1eca591797"
    integrity sha512-EnToEO+JLJA5bHDYWs42B8hU9Q1TckVozQjTSXL/pDXKXLATuVEKHNq8F/4lrpxblpngx4Zt8z2Luwu0etLSqw==
    dependencies:
      pouchdb-binary-utils "6.4.3"
      spark-md5 "3.0.0"
  
  pouchdb-merge@6.4.3:
    version "6.4.3"
    resolved "http://192.168.85.5:8081/nexus/repository/npm-group/pouchdb-merge/-/pouchdb-merge-6.4.3.tgz#4ef901f4aaa27be6aec0108998a127fe55bb0628"
    integrity sha512-UuSpex/V1kNr1aXcmg+TQlOdjzMWc08AX/Ja6jrPq9J42M97UFF+7Ijx3JllxDK0j6QJZrvhpvjFzsRhFC4+zw==
  
  pouchdb-promise@6.4.3:
    version "6.4.3"
    resolved "http://192.168.85.5:8081/nexus/repository/npm-group/pouchdb-promise/-/pouchdb-promise-6.4.3.tgz#74516f4acf74957b54debd0fb2c0e5b5a68ca7b3"
    integrity sha512-ruJaSFXwzsxRHQfwNHjQfsj58LBOY1RzGzde4PM5CWINZwFjCQAhZwfMrch2o/0oZT6d+Xtt0HTWhq35p3b0qw==
    dependencies:
      lie "3.1.1"
  
  pouchdb-selector-core@6.4.3:
    version "6.4.3"
    resolved "https://registry.yarnpkg.com/pouchdb-selector-core/-/pouchdb-selector-core-6.4.3.tgz#03a9cfd9284589baf836f3005ff15cf5e0eaf705"
    integrity sha512-Wx+gPE2cC5AsuNQrelaWQV3J3U75MkcxIYsQeIBHaEth/WOxjQ3MTWGwKdyaNdVX8Opp8Sj7VFRIZpI+HubQ4g==
    dependencies:
      pouchdb-collate "6.4.3"
      pouchdb-utils "6.4.3"
  
  pouchdb-utils@6.4.3:
    version "6.4.3"
    resolved "http://192.168.85.5:8081/nexus/repository/npm-group/pouchdb-utils/-/pouchdb-utils-6.4.3.tgz#aeb6bb8cbd8cf2d9f04e499bc3b70d1ce2a6c78a"
    integrity sha512-22QXh743YXl/afheeumrUKsO/0Q4Q8bvoboFp/1quXq//BDJa9nv55WUZX0l05t3VPW+nD/pse2FzU9cs3nEag==
    dependencies:
      argsarray "0.0.1"
      clone-buffer "1.0.0"
      immediate "3.0.6"
      inherits "2.0.3"
      pouchdb-collections "6.4.3"
      pouchdb-errors "6.4.3"
      pouchdb-promise "6.4.3"
      uuid "3.2.1"
  
  property-is-enumerable-x@^1.1.0:
    version "1.1.0"
    resolved "http://192.168.85.5:8081/nexus/repository/npm-group/property-is-enumerable-x/-/property-is-enumerable-x-1.1.0.tgz#7ca48917476cd0914b37809bfd05776a0d942f6f"
    integrity sha512-22cKy3w3OpRswU6to9iKWDDlg+F9vF2REcwGlGW23jyLjHb1U/jJEWA44sWupOnkhGfDgotU6Lw+N2oyhNi+5A==
    dependencies:
      to-object-x "^1.4.1"
      to-property-key-x "^2.0.1"
  
  punycode@^1.4.1:
    version "1.4.1"
    resolved "http://192.168.85.5:8081/nexus/repository/npm-group/punycode/-/punycode-1.4.1.tgz#c0d5a63b2718800ad8e1eb0fa5269c84dd41845e"
    integrity sha1-wNWmOycYgArY4esPpSachN1BhF4=
  
  qs@~6.5.1:
    version "6.5.2"
    resolved "http://192.168.85.5:8081/nexus/repository/npm-group/qs/-/qs-6.5.2.tgz#cb3ae806e8740444584ef154ce8ee98d403f3e36"
    integrity sha512-N5ZAX4/LxJmF+7wN74pUD6qAh9/wnvdQcjq9TZjevvXzSUo7bfmw91saqMjzGS2xq91/odN2dW/WOl7qQHNDGA==
  
  replace-comments-x@^2.0.0:
    version "2.0.0"
    resolved "http://192.168.85.5:8081/nexus/repository/npm-group/replace-comments-x/-/replace-comments-x-2.0.0.tgz#a5cec18efd912aad78a7c3c4b69d01768556d140"
    integrity sha512-+vMP4jqU+8HboLWms6YMNEiaZG5hh1oR6ENCnGYDF/UQ7aYiJUK/8tcl3+KZAHRCKKa3gqzrfiarlUBHQSgRlg==
    dependencies:
      require-coercible-to-string-x "^1.0.0"
      to-string-x "^1.4.2"
  
  request@2.83.0:
    version "2.83.0"
    resolved "http://192.168.85.5:8081/nexus/repository/npm-group/request/-/request-2.83.0.tgz#ca0b65da02ed62935887808e6f510381034e3356"
    integrity sha512-lR3gD69osqm6EYLk9wB/G1W/laGWjzH90t1vEa2xuxHD5KUrSzp9pUSfTm+YC5Nxt2T8nMPEvKlhbQayU7bgFw==
    dependencies:
      aws-sign2 "~0.7.0"
      aws4 "^1.6.0"
      caseless "~0.12.0"
      combined-stream "~1.0.5"
      extend "~3.0.1"
      forever-agent "~0.6.1"
      form-data "~2.3.1"
      har-validator "~5.0.3"
      hawk "~6.0.2"
      http-signature "~1.2.0"
      is-typedarray "~1.0.0"
      isstream "~0.1.2"
      json-stringify-safe "~5.0.1"
      mime-types "~2.1.17"
      oauth-sign "~0.8.2"
      performance-now "^2.1.0"
      qs "~6.5.1"
      safe-buffer "^5.1.1"
      stringstream "~0.0.5"
      tough-cookie "~2.3.3"
      tunnel-agent "^0.6.0"
      uuid "^3.1.0"
  
  require-coercible-to-string-x@^1.0.0:
    version "1.0.2"
    resolved "http://192.168.85.5:8081/nexus/repository/npm-group/require-coercible-to-string-x/-/require-coercible-to-string-x-1.0.2.tgz#b8c96ab42962ab7b28f3311fc6b198124c56f9f6"
    integrity sha512-GZ3BSCL0n/zhho8ITganW9FGPh0Kxhq71nCjck8Qau/30Wf4Po8a3XpQdzEMFiXCwZ/0m0E3lKSdSG8gkcIofQ==
    dependencies:
      require-object-coercible-x "^1.4.3"
      to-string-x "^1.4.5"
  
  require-object-coercible-x@^1.4.1, require-object-coercible-x@^1.4.3:
    version "1.4.3"
    resolved "http://192.168.85.5:8081/nexus/repository/npm-group/require-object-coercible-x/-/require-object-coercible-x-1.4.3.tgz#783719a23a5c0ce24e845fcc50cd55b6421ea4bb"
    integrity sha512-5wEaS+NIiU5HLJQTqBQ+6XHtX7yplUS374j/H/nRDlc7rMWfENqp026jnUHWAOCZ+ekixkXuFHEnTF28oqqVLA==
    dependencies:
      is-nil-x "^1.4.2"
  
  safe-buffer@^5.0.1, safe-buffer@^5.1.1:
    version "5.2.0"
    resolved "http://192.168.85.5:8081/nexus/repository/npm-group/safe-buffer/-/safe-buffer-5.2.0.tgz#b74daec49b1148f88c64b68d49b1e815c1f2f519"
    integrity sha512-fZEwUGbVl7kouZs1jCdMLdt95hdIv0ZeHg6L7qPeciMZhZ+/gdesW4wgTARkrFWEpspjEATAzUGPG8N2jJiwbg==
  
  safer-buffer@^2.0.2, safer-buffer@^2.1.0, safer-buffer@~2.1.0:
    version "2.1.2"
    resolved "http://192.168.85.5:8081/nexus/repository/npm-group/safer-buffer/-/safer-buffer-2.1.2.tgz#44fa161b0187b9549dd84bb91802f9bd8385cd6a"
    integrity sha512-YZo3K82SD7Riyi0E1EQPojLz7kpepnSQI9IyPbHHg1XXXevb5dJI7tpyN2ADxGcQbHG7vcyRHk0cbwqcQriUtg==
  
  sntp@2.x.x:
    version "2.1.0"
    resolved "http://192.168.85.5:8081/nexus/repository/npm-group/sntp/-/sntp-2.1.0.tgz#2c6cec14fedc2222739caf9b5c3d85d1cc5a2cc8"
    integrity sha512-FL1b58BDrqS3A11lJ0zEdnJ3UOKqVxawAkF3k7F0CVN7VQ34aZrV+G8BZ1WC9ZL7NyrwsW0oviwsWDgRuVYtJg==
    dependencies:
      hoek "4.x.x"
  
  spark-md5@3.0.0:
    version "3.0.0"
    resolved "http://192.168.85.5:8081/nexus/repository/npm-group/spark-md5/-/spark-md5-3.0.0.tgz#3722227c54e2faf24b1dc6d933cc144e6f71bfef"
    integrity sha1-NyIifFTi+vJLHcbZM8wUTm9xv+8=
  
  sshpk@^1.7.0:
    version "1.16.1"
    resolved "http://192.168.85.5:8081/nexus/repository/npm-group/sshpk/-/sshpk-1.16.1.tgz#fb661c0bef29b39db40769ee39fa70093d6f6877"
    integrity sha512-HXXqVUq7+pcKeLqqZj6mHFUMvXtOJt1uoUx09pFW6011inTMxqI8BA8PM95myrIyyKwdnzjdFjLiE6KBPVtJIg==
    dependencies:
      asn1 "~0.2.3"
      assert-plus "^1.0.0"
      bcrypt-pbkdf "^1.0.0"
      dashdash "^1.12.0"
      ecc-jsbn "~0.1.1"
      getpass "^0.1.1"
      jsbn "~0.1.0"
      safer-buffer "^2.0.2"
      tweetnacl "~0.14.0"
  
  stringstream@~0.0.5:
    version "0.0.6"
    resolved "http://192.168.85.5:8081/nexus/repository/npm-group/stringstream/-/stringstream-0.0.6.tgz#7880225b0d4ad10e30927d167a1d6f2fd3b33a72"
    integrity sha512-87GEBAkegbBcweToUrdzf3eLhWNg06FJTebl4BVJz/JgWy8CvEr9dRtX5qWphiynMSQlxxi+QqN0z5T32SLlhA==
  
  to-boolean-x@^1.0.1, to-boolean-x@^1.0.2:
    version "1.0.3"
    resolved "http://192.168.85.5:8081/nexus/repository/npm-group/to-boolean-x/-/to-boolean-x-1.0.3.tgz#cbe15e38a85d09553f29869a9b3e3b54ceef5af0"
    integrity sha512-kQiMyJUgFprL8J+0CfgJuaSFKJMs3EvFe27/6aj/hVzVZT0HY4aA1QjPldLNxzBmjhLcapp7CctYHuD8QqtS3g==
  
  to-integer-x@^3.0.0:
    version "3.0.0"
    resolved "http://192.168.85.5:8081/nexus/repository/npm-group/to-integer-x/-/to-integer-x-3.0.0.tgz#9f3b80e668c7f0ae45e6926b40d95f52c1addc74"
    integrity sha512-794L2Lpwjtynm7RxahJi2YdbRY75gTxUW27TMuN26UgwPkmJb/+HPhkFEFbz+E4vNoiP0dxq5tq5fkXoXLaK/w==
    dependencies:
      is-finite-x "^3.0.2"
      is-nan-x "^1.0.1"
      math-sign-x "^3.0.0"
      to-number-x "^2.0.0"
  
  to-number-x@^2.0.0:
    version "2.0.0"
    resolved "http://192.168.85.5:8081/nexus/repository/npm-group/to-number-x/-/to-number-x-2.0.0.tgz#c9099d7ded8fd327132a2987df2dcc8baf36df4d"
    integrity sha512-lGOnCoccUoSzjZ/9Uen8TC4+VFaQcFGhTroWTv2tYWxXgyJV1zqAZ8hEIMkez/Eo790fBMOjidTnQ/OJSCvAoQ==
    dependencies:
      cached-constructors-x "^1.0.0"
      nan-x "^1.0.0"
      parse-int-x "^2.0.0"
      to-primitive-x "^1.1.0"
      trim-x "^3.0.0"
  
  to-object-x@^1.4.1, to-object-x@^1.5.0:
    version "1.5.0"
    resolved "http://192.168.85.5:8081/nexus/repository/npm-group/to-object-x/-/to-object-x-1.5.0.tgz#bd69dd4e104d77acc0cc0d84f5ac48f630aebe3c"
    integrity sha512-AKn5GQcdWky+s20vjWkt+Wa6y3dxQH3yQyMBhOfBOPldUwqwhgvlqcIg5H092ntNc+TX8/Cxzs1kMHH19pyCnA==
    dependencies:
      cached-constructors-x "^1.0.0"
      require-object-coercible-x "^1.4.1"
  
  to-primitive-x@^1.1.0:
    version "1.1.0"
    resolved "http://192.168.85.5:8081/nexus/repository/npm-group/to-primitive-x/-/to-primitive-x-1.1.0.tgz#41ce2c13e3e246e0e5d0a8829a0567c6015833f8"
    integrity sha512-gyMY0gi3wjK3e4MUBKqv9Zl8QGcWguIkaUr2VJmoBEsOpDcpDZSEyljR773eVG4maS48uX7muLkoQoh/BA82OQ==
    dependencies:
      has-symbol-support-x "^1.4.1"
      is-date-object "^1.0.1"
      is-function-x "^3.2.0"
      is-nil-x "^1.4.1"
      is-primitive "^2.0.0"
      is-symbol "^1.0.1"
      require-object-coercible-x "^1.4.1"
      validate.io-undefined "^1.0.3"
  
  to-property-key-x@^2.0.1, to-property-key-x@^2.0.2:
    version "2.0.2"
    resolved "http://192.168.85.5:8081/nexus/repository/npm-group/to-property-key-x/-/to-property-key-x-2.0.2.tgz#b19aa8e22faa0ff7d1c102cfbc657af73413cfa1"
    integrity sha512-YISLpZFYIazNm0P8hLsKEEUEZ3m8U3+eDysJZqTu3+B9tQp+2TrMpaEGT8Agh4fZ5LSoums60/glNEzk5ozqrg==
    dependencies:
      has-symbol-support-x "^1.4.1"
      to-primitive-x "^1.1.0"
      to-string-x "^1.4.2"
  
  to-string-symbols-supported-x@^1.0.0:
    version "1.0.2"
    resolved "http://192.168.85.5:8081/nexus/repository/npm-group/to-string-symbols-supported-x/-/to-string-symbols-supported-x-1.0.2.tgz#73f5e17963520b2b365559f05e3864addaab7f1e"
    integrity sha512-3MRqhIhSNVDsVAk4M6WNcuBZrAQe54W13xrXX6RzxXS+pA4nj6DQ96RegQS5z9BSNyYbFsBsPvMVDIpP+a/5RA==
    dependencies:
      cached-constructors-x "^1.0.2"
      has-symbol-support-x "^1.4.2"
      is-symbol "^1.0.1"
  
  to-string-tag-x@^1.4.1, to-string-tag-x@^1.4.2:
    version "1.4.3"
    resolved "http://192.168.85.5:8081/nexus/repository/npm-group/to-string-tag-x/-/to-string-tag-x-1.4.3.tgz#3aed2edec9343be3c76e338161f85d6864c692b1"
    integrity sha512-5+0EZ6dOVt/XArXmkooxPzWxmOR081HM/uXitUow7h11WYg5pPo15uYqDWuqO7ZY+O3Atn/dG26wcJCK+mFevg==
    dependencies:
      lodash.isnull "^3.0.0"
      validate.io-undefined "^1.0.3"
  
  to-string-x@^1.4.2, to-string-x@^1.4.5:
    version "1.4.5"
    resolved "http://192.168.85.5:8081/nexus/repository/npm-group/to-string-x/-/to-string-x-1.4.5.tgz#b86dad14df68ca4df52ca4cb011a25e0bf5d9ca1"
    integrity sha512-5xzlZDyDa9BUWNjNzZzHgKQ95PnV7qjvEhbqpFaj1ixaHgfJXOFaa3xdMJ+WLYd4hhaMJaxt8Pt5uKaWXfruXA==
    dependencies:
      cached-constructors-x "^1.0.0"
      is-symbol "^1.0.1"
  
  tough-cookie@~2.3.3:
    version "2.3.4"
    resolved "http://192.168.85.5:8081/nexus/repository/npm-group/tough-cookie/-/tough-cookie-2.3.4.tgz#ec60cee38ac675063ffc97a5c18970578ee83655"
    integrity sha512-TZ6TTfI5NtZnuyy/Kecv+CnoROnyXn2DN97LontgQpCwsX2XyLYCC0ENhYkehSOwAp8rTQKc/NUIF7BkQ5rKLA==
    dependencies:
      punycode "^1.4.1"
  
  trim-left-x@^3.0.0:
    version "3.0.0"
    resolved "http://192.168.85.5:8081/nexus/repository/npm-group/trim-left-x/-/trim-left-x-3.0.0.tgz#356cf055896726b9754425e841398842e90b4cdf"
    integrity sha512-+m6cqkppI+CxQBTwWEZliOHpOBnCArGyMnS1WCLb6IRgukhTkiQu/TNEN5Lj2eM9jk8ewJsc7WxFZfmwNpRXWQ==
    dependencies:
      cached-constructors-x "^1.0.0"
      require-coercible-to-string-x "^1.0.0"
      white-space-x "^3.0.0"
  
  trim-right-x@^3.0.0:
    version "3.0.0"
    resolved "http://192.168.85.5:8081/nexus/repository/npm-group/trim-right-x/-/trim-right-x-3.0.0.tgz#28c4cd37d5981f50ace9b52e3ce9106f4d2d22c0"
    integrity sha512-iIqEsWEbWVodqdixJHi4FoayJkUxhoL4AvSNGp4FF4FfQKRPGizt8++/RnyC9od75y7P/S6EfONoVqP+NddiKA==
    dependencies:
      cached-constructors-x "^1.0.0"
      require-coercible-to-string-x "^1.0.0"
      white-space-x "^3.0.0"
  
  trim-x@^3.0.0:
    version "3.0.0"
    resolved "http://192.168.85.5:8081/nexus/repository/npm-group/trim-x/-/trim-x-3.0.0.tgz#24efdcd027b748bbfc246a0139ad1749befef024"
    integrity sha512-w8s38RAUScQ6t3XqMkS75iz5ZkIYLQpVnv2lp3IuTS36JdlVzC54oe6okOf4Wz3UH4rr3XAb2xR3kR5Xei82fw==
    dependencies:
      trim-left-x "^3.0.0"
      trim-right-x "^3.0.0"
  
  tunnel-agent@^0.6.0:
    version "0.6.0"
    resolved "http://192.168.85.5:8081/nexus/repository/npm-group/tunnel-agent/-/tunnel-agent-0.6.0.tgz#27a5dea06b36b04a0a9966774b290868f0fc40fd"
    integrity sha1-J6XeoGs2sEoKmWZ3SykIaPD8QP0=
    dependencies:
      safe-buffer "^5.0.1"
  
  tweetnacl@^0.14.3, tweetnacl@~0.14.0:
    version "0.14.5"
    resolved "http://192.168.85.5:8081/nexus/repository/npm-group/tweetnacl/-/tweetnacl-0.14.5.tgz#5ae68177f192d4456269d108afa93ff8743f4f64"
    integrity sha1-WuaBd/GS1EViadEIr6k/+HQ/T2Q=
  
  uuid@3.2.1:
    version "3.2.1"
    resolved "http://192.168.85.5:8081/nexus/repository/npm-group/uuid/-/uuid-3.2.1.tgz#12c528bb9d58d0b9265d9a2f6f0fe8be17ff1f14"
    integrity sha512-jZnMwlb9Iku/O3smGWvZhauCf6cvvpKi4BKRiliS3cxnI+Gz9j5MEpTz2UFuXiKPJocb7gnsLHwiS05ige5BEA==
  
  uuid@^3.1.0:
    version "3.3.2"
    resolved "http://192.168.85.5:8081/nexus/repository/npm-group/uuid/-/uuid-3.3.2.tgz#1b4af4955eb3077c501c23872fc6513811587131"
    integrity sha512-yXJmeNaw3DnnKAOKJE51sL/ZaYfWJRl1pK9dr19YFCu0ObS231AB1/LbqTKRAQ5kw8A90rA6fr4riOUpTZvQZA==
  
  validate.io-undefined@^1.0.3:
    version "1.0.3"
    resolved "http://192.168.85.5:8081/nexus/repository/npm-group/validate.io-undefined/-/validate.io-undefined-1.0.3.tgz#7e27fcbb315b841e78243431897671929e20b7f4"
    integrity sha1-fif8uzFbhB54JDQxiXZxkp4gt/Q=
  
  verror@1.10.0:
    version "1.10.0"
    resolved "http://192.168.85.5:8081/nexus/repository/npm-group/verror/-/verror-1.10.0.tgz#3a105ca17053af55d6e270c1f8288682e18da400"
    integrity sha1-OhBcoXBTr1XW4nDB+CiGguGNpAA=
    dependencies:
      assert-plus "^1.0.0"
      core-util-is "1.0.2"
      extsprintf "^1.2.0"
  
  vuvuzela@1.0.3:
    version "1.0.3"
    resolved "http://192.168.85.5:8081/nexus/repository/npm-group/vuvuzela/-/vuvuzela-1.0.3.tgz#3be145e58271c73ca55279dd851f12a682114b0b"
    integrity sha1-O+FF5YJxxzylUnndhR8SpoIRSws=
  
  white-space-x@^3.0.0:
    version "3.0.1"
    resolved "http://192.168.85.5:8081/nexus/repository/npm-group/white-space-x/-/white-space-x-3.0.1.tgz#81a82d5432da725aba5ca671624bb579c9e66d4f"
    integrity sha512-BwMFXQNPna/4RsNPOgldVYn+FkEv+lc3wUiFzuaW6Z2DH/oSk1UrRD6SBqDgWQO4JU+aBq3PVuPD9Vz0j7mh0w==
